<?xml version="1.0" encoding="UTF-8" ?>
<testsuite tests="34" failures="0" name="org.jsoup.select.ElementsTest" time="0.031" errors="0" skipped="0">
  <properties>
[...]
</properties>
  <testcase classname="org.jsoup.select.ElementsTest" name="classWithHyphen" time="0.001"/>
  <testcase classname="org.jsoup.select.ElementsTest" name="before" time="0.001"/>
  <testcase classname="org.jsoup.select.ElementsTest" name="filter" time="0.001"/>
  <testcase classname="org.jsoup.select.ElementsTest" name="eachAttr" time="0.001"/>
  <testcase classname="org.jsoup.select.ElementsTest" name="eachText" time="0.001"/>
  <testcase classname="org.jsoup.select.ElementsTest" name="absAttr" time="0.001"/>
  <testcase classname="org.jsoup.select.ElementsTest" name="remove" time="0"/>
  <testcase classname="org.jsoup.select.ElementsTest" name="unwrap" time="0.001"/>
  <testcase classname="org.jsoup.select.ElementsTest" name="parents" time="0.001"/>
  <testcase classname="org.jsoup.select.ElementsTest" name="unwrapP" time="0.001"/>
  <testcase classname="org.jsoup.select.ElementsTest" name="unwrapKeepsSpace" time="0.001"/>
  <testcase classname="org.jsoup.select.ElementsTest" name="eq" time="0"/>
  <testcase classname="org.jsoup.select.ElementsTest" name="is" time="0.001"/>
  <testcase classname="org.jsoup.select.ElementsTest" name="not" time="0.001"/>
  <testcase classname="org.jsoup.select.ElementsTest" name="val" time="0.001"/>
  <testcase classname="org.jsoup.select.ElementsTest" name="attr" time="0.001"/>
  <testcase classname="org.jsoup.select.ElementsTest" name="html" time="0.001"/>
  <testcase classname="org.jsoup.select.ElementsTest" name="text" time="0.001"/>
  <testcase classname="org.jsoup.select.ElementsTest" name="wrap" time="0.002"/>
  <testcase classname="org.jsoup.select.ElementsTest" name="hasClassCaseInsensitive" time="0.001"/>
  <testcase classname="org.jsoup.select.ElementsTest" name="after" time="0.001"/>
  <testcase classname="org.jsoup.select.ElementsTest" name="empty" time="0.001"/>
  <testcase classname="org.jsoup.select.ElementsTest" name="forms" time="0"/>
  <testcase classname="org.jsoup.select.ElementsTest" name="siblings" time="0.001"/>
  <testcase classname="org.jsoup.select.ElementsTest" name="attributes" time="0.001"/>
  <testcase classname="org.jsoup.select.ElementsTest" name="hasAttr" time="0.001"/>
  <testcase classname="org.jsoup.select.ElementsTest" name="hasText" time="0"/>
  <testcase classname="org.jsoup.select.ElementsTest" name="hasAbsAttr" time="0.001"/>
  <testcase classname="org.jsoup.select.ElementsTest" name="classes" time="0.001"/>
  <testcase classname="org.jsoup.select.ElementsTest" name="traverse" time="0.001"/>
  <testcase classname="org.jsoup.select.ElementsTest" name="wrapDiv" time="0.001"/>
  <testcase classname="org.jsoup.select.ElementsTest" name="outerHtml" time="0.001"/>
  <testcase classname="org.jsoup.select.ElementsTest" name="tagNameSet" time="0.001"/>
  <testcase classname="org.jsoup.select.ElementsTest" name="setHtml" time="0.001"/>
</testsuite>