<?xml version="1.0" encoding="UTF-8" ?>
<testsuite errors="0" failures="0" hostname="WALLEE" name="org.jsoup.parser.AttributeParseTest" skipped="0" tests="8" time="0.081" timestamp="2023-09-18T01:00:38">
  <properties>
[...]
</properties>
  <testcase classname="org.jsoup.parser.AttributeParseTest" name="dropsSlashFromAttributeName" time="0.039" />
  <testcase classname="org.jsoup.parser.AttributeParseTest" name="moreAttributeUnescapes" time="0.001" />
  <testcase classname="org.jsoup.parser.AttributeParseTest" name="parsesBooleanAttributes" time="0.0" />
  <testcase classname="org.jsoup.parser.AttributeParseTest" name="handlesNewLinesAndReturns" time="0.0" />
  <testcase classname="org.jsoup.parser.AttributeParseTest" name="canStartWithEq" time="0.0" />
  <testcase classname="org.jsoup.parser.AttributeParseTest" name="parsesRoughAttributeString" time="0.0" />
  <testcase classname="org.jsoup.parser.AttributeParseTest" name="strictAttributeUnescapes" time="0.0" />
  <testcase classname="org.jsoup.parser.AttributeParseTest" name="parsesEmptyString" time="0.0" />
  <system-out><![CDATA[]]></system-out>
  <system-err><![CDATA[]]></system-err>
</testsuite>
